Prism pipeline init order: sw 
Using Double Precision Marlin Rasterizer
Using dirty region optimizations
Not using texture mask for primitives
Not forcing power of 2 sizes for textures
Using hardware CLAMP_TO_ZERO mode
Opting in for HiDPI pixel scaling
*** Fallback to Prism SW pipeline
Prism pipeline name = com.sun.prism.sw.SWPipeline
GraphicsPipeline.createPipeline failed for com.sun.prism.sw.SWPipeline
java.lang.UnsatisfiedLinkError: no prism_sw in java.library.path: :/Users/alexandrazerner/Documents/Programming/Java/LabTools/src/LabTools.app/Contents/app:/Users/alexandrazerner/Library/Java/Extensions:/Library/Java/Extensions:/Network/Library/Java/Extensions:/System/Library/Java/Extensions:/usr/lib/java:.
	at java.base/java.lang.ClassLoader.loadLibrary(ClassLoader.java:2442)
	at java.base/java.lang.Runtime.loadLibrary0(Runtime.java:916)
	at java.base/java.lang.System.loadLibrary(System.java:2066)
	at javafx.graphics@23.0.1/com.sun.glass.utils.NativeLibLoader.loadLibraryInternal(NativeLibLoader.java:170)
	at javafx.graphics@23.0.1/com.sun.glass.utils.NativeLibLoader.loadLibrary(NativeLibLoader.java:58)
	at javafx.graphics@23.0.1/com.sun.prism.sw.SWPipeline.lambda$static$0(SWPipeline.java:43)
	at java.base/java.security.AccessController.doPrivileged(AccessController.java:319)
	at javafx.graphics@23.0.1/com.sun.prism.sw.SWPipeline.<clinit>(SWPipeline.java:42)
	at java.base/java.lang.Class.forName0(Native Method)
	at java.base/java.lang.Class.forName(Class.java:462)
	at java.base/java.lang.Class.forName(Class.java:453)
	at javafx.graphics@23.0.1/com.sun.prism.GraphicsPipeline.createPipeline(GraphicsPipeline.java:218)
	at javafx.graphics@23.0.1/com.sun.javafx.tk.quantum.QuantumRenderer$PipelineRunnable.init(QuantumRenderer.java:92)
	at javafx.graphics@23.0.1/com.sun.javafx.tk.quantum.QuantumRenderer$PipelineRunnable.run(QuantumRenderer.java:125)
	at java.base/java.lang.Thread.run(Thread.java:1575)
Graphics Device initialization failed for :  sw
Error initializing QuantumRenderer: no suitable pipeline found
java.lang.RuntimeException: java.lang.RuntimeException: Error initializing QuantumRenderer: no suitable pipeline found
	at javafx.graphics@23.0.1/com.sun.javafx.tk.quantum.QuantumRenderer.getInstance(QuantumRenderer.java:283)
	at javafx.graphics@23.0.1/com.sun.javafx.tk.quantum.QuantumToolkit.init(QuantumToolkit.java:253)
	at javafx.graphics@23.0.1/com.sun.javafx.tk.Toolkit.getToolkit(Toolkit.java:263)
	at javafx.graphics@23.0.1/com.sun.javafx.application.PlatformImpl.startup(PlatformImpl.java:290)
	at javafx.graphics@23.0.1/com.sun.javafx.application.PlatformImpl.startup(PlatformImpl.java:162)
	at javafx.graphics@23.0.1/com.sun.javafx.application.LauncherImpl.startToolkit(LauncherImpl.java:651)
	at javafx.graphics@23.0.1/com.sun.javafx.application.LauncherImpl.launchApplicationWithArgs(LauncherImpl.java:409)
	at javafx.graphics@23.0.1/com.sun.javafx.application.LauncherImpl.launchApplication(LauncherImpl.java:364)
	at java.base/jdk.internal.reflect.DirectMethodHandleAccessor.invoke(DirectMethodHandleAccessor.java:103)
	at java.base/java.lang.reflect.Method.invoke(Method.java:580)
	at java.base/sun.launcher.LauncherHelper$FXHelper.main(LauncherHelper.java:1164)
Caused by: java.lang.RuntimeException: Error initializing QuantumRenderer: no suitable pipeline found
	at javafx.graphics@23.0.1/com.sun.javafx.tk.quantum.QuantumRenderer$PipelineRunnable.init(QuantumRenderer.java:95)
	at javafx.graphics@23.0.1/com.sun.javafx.tk.quantum.QuantumRenderer$PipelineRunnable.run(QuantumRenderer.java:125)
	at java.base/java.lang.Thread.run(Thread.java:1575)
Exception in thread "main" java.lang.reflect.InvocationTargetException
	at java.base/jdk.internal.reflect.DirectMethodHandleAccessor.invoke(DirectMethodHandleAccessor.java:118)
	at java.base/java.lang.reflect.Method.invoke(Method.java:580)
	at java.base/sun.launcher.LauncherHelper$FXHelper.main(LauncherHelper.java:1164)
Caused by: java.lang.RuntimeException: No toolkit found
	at javafx.graphics@23.0.1/com.sun.javafx.tk.Toolkit.getToolkit(Toolkit.java:275)
	at javafx.graphics@23.0.1/com.sun.javafx.application.PlatformImpl.startup(PlatformImpl.java:290)
	at javafx.graphics@23.0.1/com.sun.javafx.application.PlatformImpl.startup(PlatformImpl.java:162)
	at javafx.graphics@23.0.1/com.sun.javafx.application.LauncherImpl.startToolkit(LauncherImpl.java:651)
	at javafx.graphics@23.0.1/com.sun.javafx.application.LauncherImpl.launchApplicationWithArgs(LauncherImpl.java:409)
	at javafx.graphics@23.0.1/com.sun.javafx.application.LauncherImpl.launchApplication(LauncherImpl.java:364)
	at java.base/jdk.internal.reflect.DirectMethodHandleAccessor.invoke(DirectMethodHandleAccessor.java:103)
	... 2 more
Failed to launch JVM
